<?xml version="1.0" encoding="UTF-8"?>
<!-- Generated by org.testng.reporters.JUnitReportReporter -->
<testsuite hostname="DESKTOP-SH6NEDM" failures="0" tests="2" name="tuto.eclipse.jal.selenium.ng.TestBookingNG" time="12.967" errors="0" timestamp="03 juin 2019 13:55:32 GMT" skipped="0">
  <testcase classname="tuto.eclipse.jal.selenium.ng.TestBookingNG" name="verifyHomepageTitle" time="1.587"/>
  <testcase classname="tuto.eclipse.jal.selenium.ng.TestBookingNG" name="verifyWeFindFlights" time="11.380"/>
</testsuite> <!-- tuto.eclipse.jal.selenium.ng.TestBookingNG -->
